<?xml version="1.0" encoding="UTF-8"?>
<!-- Generated by org.testng.reporters.JUnitReportReporter -->
<testsuite hostname="Manish_Nk" failures="0" tests="1" name="com.mystore.testcases.EndToEndtest" time="37.252" errors="0" timestamp="2025-08-13T16:04:07 IST" skipped="0">
  <testcase classname="com.mystore.testcases.EndToEndtest" name="EndToEndTestNow" time="37.252"/>
</testsuite> <!-- com.mystore.testcases.EndToEndtest -->
