<?xml version="1.0" encoding="UTF-8"?>
<!-- Generated by org.testng.reporters.JUnitReportReporter -->
<testsuite hostname="Manish_Nk" failures="0" tests="1" name="com.mystore.testcases.AddToCartTest" time="10.108" errors="0" timestamp="2025-08-13T16:04:07 IST" skipped="0">
  <testcase classname="com.mystore.testcases.AddToCartTest" name="testresl" time="10.108"/>
</testsuite> <!-- com.mystore.testcases.AddToCartTest -->
