<?xml version="1.0" encoding="UTF-8"?>
<!-- Generated by org.testng.reporters.JUnitReportReporter -->
<testsuite hostname="Manish_Nk" failures="0" tests="2" name="com.mystore.testcases.HomePageTest" time="35.619" errors="0" timestamp="2025-08-13T16:04:07 IST" skipped="0">
  <testcase classname="com.mystore.testcases.HomePageTest" name="validateOrderhistory" time="9.140"/>
  <testcase classname="com.mystore.testcases.HomePageTest" name="validateWhishlist" time="26.479"/>
</testsuite> <!-- com.mystore.testcases.HomePageTest -->
