<?xml version="1.0" encoding="UTF-8"?>
<!-- Generated by org.testng.reporters.JUnitReportReporter -->
<testsuite hostname="Manish_Nk" failures="0" tests="2" name="com.mystore.testcases.IndexBaseTest" time="23.514" errors="0" timestamp="2025-08-13T16:04:07 IST" skipped="0">
  <testcase classname="com.mystore.testcases.IndexBaseTest" name="verifylogo" time="5.129"/>
  <testcase classname="com.mystore.testcases.IndexBaseTest" name="verifytitile" time="18.385"/>
</testsuite> <!-- com.mystore.testcases.IndexBaseTest -->
